<?xml version="1.0" encoding="UTF-8"?>
<testng-results ignored="0" total="1" passed="1" failed="0" skipped="0">
  <reporter-output>
  </reporter-output>
  <suite started-at="2021-09-16T17:03:47 EDT" name="Default suite" finished-at="2021-09-16T17:03:58 EDT" duration-ms="10485">
    <groups>
    </groups>
    <test started-at="2021-09-16T17:03:47 EDT" name="Default test" finished-at="2021-09-16T17:03:58 EDT" duration-ms="10485">
      <class name="tests.LoginTest">
        <test-method is-config="true" signature="setup()[pri:0, instance:tests.LoginTest@932bc4a]" started-at="2021-09-16T17:03:48 EDT" name="setup" finished-at="2021-09-16T17:03:54 EDT" duration-ms="6815" status="PASS">
          <reporter-output>
          </reporter-output>
        </test-method> <!-- setup -->
        <test-method signature="loginTest()[pri:0, instance:tests.LoginTest@932bc4a]" started-at="2021-09-16T17:03:54 EDT" name="loginTest" finished-at="2021-09-16T17:03:57 EDT" duration-ms="2669" status="PASS">
          <reporter-output>
          </reporter-output>
        </test-method> <!-- loginTest -->
        <test-method is-config="true" signature="tearDown()[pri:0, instance:tests.LoginTest@932bc4a]" started-at="2021-09-16T17:03:57 EDT" name="tearDown" finished-at="2021-09-16T17:03:58 EDT" duration-ms="936" status="PASS">
          <reporter-output>
          </reporter-output>
        </test-method> <!-- tearDown -->
      </class> <!-- tests.LoginTest -->
    </test> <!-- Default test -->
  </suite> <!-- Default suite -->
</testng-results>
